. 2018-07-26 11:41:16.773 --------------------------------------------------------------------------
. 2018-07-26 11:41:16.773 WinSCP Version 5.13.3 (Build 8565) (OS 6.1.7601 Service Pack 1 - Windows 7 Professional)
. 2018-07-26 11:41:16.773 Configuration: E:\Windows\Utils\WinSCPPortable\Data\settings\winscp.ini
. 2018-07-26 11:41:16.773 Log level: Normal
. 2018-07-26 11:41:16.773 Local account: THECOOLTOOL\Sascha
. 2018-07-26 11:41:16.773 Working directory: E:\Windows\Utils\WinSCPPortable\App\WinSCP
. 2018-07-26 11:41:16.773 Process ID: 1132
. 2018-07-26 11:41:16.773 Command-line: "E:\Windows\Utils\WinSCPPortable\App\WinSCP\WinSCP.exe" /ini="E:\Windows\Utils\WinSCPPortable\Data\settings\winscp.ini" /log="E:\Windows\Utils\WinSCPPortable\Data\settings\winscp.log"
. 2018-07-26 11:41:16.773 Time zone: Current: GMT+2, Standard: GMT+1 (Mitteleuropäische Zeit), DST: GMT+2 (Mitteleuropäische Sommerzeit), DST Start: 25.03.2018, DST End: 28.10.2018
. 2018-07-26 11:41:16.773 Login time: Donnerstag, 26. Juli 2018 11:41:16
. 2018-07-26 11:41:16.773 --------------------------------------------------------------------------
. 2018-07-26 11:41:16.773 Session name: machinekit@192.168.7.2 (Ad-Hoc site)
. 2018-07-26 11:41:16.773 Host name: 192.168.7.2 (Port: 22)
. 2018-07-26 11:41:16.773 User name: machinekit (Password: No, Key file: No, Passphrase: No)
. 2018-07-26 11:41:16.773 Tunnel: No
. 2018-07-26 11:41:16.773 Transfer Protocol: SFTP (SCP)
. 2018-07-26 11:41:16.773 Ping type: Off, Ping interval: 30 sec; Timeout: 15 sec
. 2018-07-26 11:41:16.773 Disable Nagle: No
. 2018-07-26 11:41:16.773 Proxy: None
. 2018-07-26 11:41:16.773 Send buffer: 262144
. 2018-07-26 11:41:16.773 SSH protocol version: 2; Compression: No
. 2018-07-26 11:41:16.773 Bypass authentication: No
. 2018-07-26 11:41:16.773 Try agent: Yes; Agent forwarding: No; TIS/CryptoCard: No; KI: Yes; GSSAPI: Yes
. 2018-07-26 11:41:16.773 GSSAPI: Forwarding: No; Libs: gssapi32,sspi,custom; Custom: 
. 2018-07-26 11:41:16.773 Ciphers: aes,chacha20,blowfish,3des,WARN,arcfour,des; Ssh2DES: No
. 2018-07-26 11:41:16.773 KEX: ecdh,dh-gex-sha1,dh-group14-sha1,rsa,WARN,dh-group1-sha1
. 2018-07-26 11:41:16.773 SSH Bugs: Auto,Auto,Auto,Auto,Auto,Auto,Auto,Auto,Auto,Auto,Auto,Auto,Auto
. 2018-07-26 11:41:16.773 Simple channel: Yes
. 2018-07-26 11:41:16.773 Return code variable: Autodetect; Lookup user groups: Auto
. 2018-07-26 11:41:16.773 Shell: default
. 2018-07-26 11:41:16.773 EOL: LF, UTF: Auto
. 2018-07-26 11:41:16.773 Clear aliases: Yes, Unset nat.vars: Yes, Resolve symlinks: Yes; Follow directory symlinks: No
. 2018-07-26 11:41:16.773 LS: ls -la, Ign LS warn: Yes, Scp1 Comp: No
. 2018-07-26 11:41:16.773 SFTP Bugs: Auto,Auto
. 2018-07-26 11:41:16.773 SFTP Server: default
. 2018-07-26 11:41:16.773 Local directory: default, Remote directory: home, Update: Yes, Cache: Yes
. 2018-07-26 11:41:16.773 Cache directory changes: Yes, Permanent: Yes
. 2018-07-26 11:41:16.788 Recycle bin: Delete to: No, Overwritten to: No, Bin path: 
. 2018-07-26 11:41:16.788 DST mode: Unix
. 2018-07-26 11:41:16.788 --------------------------------------------------------------------------
. 2018-07-26 11:41:16.851 Looking up host "192.168.7.2" for SSH connection
. 2018-07-26 11:41:16.851 Connecting to 192.168.7.2 port 22
. 2018-07-26 11:41:16.866 We claim version: SSH-2.0-WinSCP_release_5.13.3
. 2018-07-26 11:41:16.913 Server version: SSH-2.0-OpenSSH_7.4p1 Debian-10+deb9u3
. 2018-07-26 11:41:16.913 Using SSH protocol version 2
. 2018-07-26 11:41:16.929 Doing ECDH key exchange with curve Curve25519 and hash SHA-256
. 2018-07-26 11:41:17.397 Host key fingerprint is:
. 2018-07-26 11:41:17.397 ssh-ed25519 256 ac:3e:75:23:b4:b7:d1:e8:f7:05:fc:77:e3:5d:df:ee zbyHLuArdyFuLfsAlJP7o30slXKCeYBapuWBgwlKx1U=
. 2018-07-26 11:41:17.443 Asking user:
. 2018-07-26 11:41:17.443 **Soll die Verbindung fortgesetzt und der Rechnerschlüssel im Speicher abgelegt werden?**
. 2018-07-26 11:41:17.443 
. 2018-07-26 11:41:17.443 Der Rechnerschlüssel des Servers wurde nicht im Speicher gefunden. Es gibt keine Garantie, das der Server wirklich der Rechner ist, mit dem Sie sich verbinden wollten. Die Ed25519 Schlüssel-Details des Servers lauten:
. 2018-07-26 11:41:17.443 
. 2018-07-26 11:41:17.443   Algorithmus:	ssh-ed25519 256
. 2018-07-26 11:41:17.443     SHA-256:	zbyHLuArdyFuLfsAlJP7o30slXKCeYBapuWBgwlKx1U=
. 2018-07-26 11:41:17.443     MD5:	ac:3e:75:23:b4:b7:d1:e8:f7:05:fc:77:e3:5d:df:ee
. 2018-07-26 11:41:17.443 
. 2018-07-26 11:41:17.443 Wenn Sie diesem Rechner trauen, drücken Sie Ja. Um fortzufahren, ohne den Rechnerschlüssel im Speicher abzulegen, drücken Sie Nein. Um die Verbindung abzubrechen, drücken Sie Abbrechen. ()
. 2018-07-26 11:41:28.924 Initialised AES-256 SDCTR client->server encryption
. 2018-07-26 11:41:28.924 Initialised HMAC-SHA-256 client->server MAC algorithm
. 2018-07-26 11:41:28.924 Initialised AES-256 SDCTR server->client encryption
. 2018-07-26 11:41:28.924 Initialised HMAC-SHA-256 server->client MAC algorithm
! 2018-07-26 11:41:28.924 Using username "machinekit".
. 2018-07-26 11:41:38.627 Server offered these authentication methods: publickey,password
. 2018-07-26 11:41:38.627 Prompt (password, "SSH password", <no instructions>, "&Passwort:")
. 2018-07-26 11:41:43.759 Sent password
. 2018-07-26 11:41:43.822 Access granted
. 2018-07-26 11:41:43.822 Opening session as main channel
. 2018-07-26 11:41:44.056 Opened main channel
. 2018-07-26 11:41:44.087 Started a shell/command
. 2018-07-26 11:41:44.134 --------------------------------------------------------------------------
. 2018-07-26 11:41:44.134 Using SFTP protocol.
. 2018-07-26 11:41:44.134 Doing startup conversation with host.
> 2018-07-26 11:41:44.149 Type: SSH_FXP_INIT, Size: 5, Number: -1
< 2018-07-26 11:41:44.149 Type: SSH_FXP_VERSION, Size: 150, Number: -1
. 2018-07-26 11:41:44.149 SFTP version 3 negotiated.
. 2018-07-26 11:41:44.149 Unknown server extension posix-rename@openssh.com="1"
. 2018-07-26 11:41:44.149 Supports statvfs@openssh.com extension version "2"
. 2018-07-26 11:41:44.149 Unknown server extension fstatvfs@openssh.com="2"
. 2018-07-26 11:41:44.149 Supports hardlink@openssh.com extension version "1"
. 2018-07-26 11:41:44.149 Unknown server extension fsync@openssh.com="1"
. 2018-07-26 11:41:44.149 We believe the server has signed timestamps bug
. 2018-07-26 11:41:44.149 We will use UTF-8 strings until server sends an invalid UTF-8 string as with SFTP version 3 and older UTF-8 strings are not mandatory
. 2018-07-26 11:41:44.149 Limiting packet size to OpenSSH sftp-server limit of 262148 bytes
. 2018-07-26 11:41:44.149 Getting current directory name.
. 2018-07-26 11:41:44.149 Getting real path for '.'
> 2018-07-26 11:41:44.149 Type: SSH_FXP_REALPATH, Size: 10, Number: 16
< 2018-07-26 11:41:44.149 Type: SSH_FXP_NAME, Size: 53, Number: 16
. 2018-07-26 11:41:44.149 Real path is '/home/machinekit'
. 2018-07-26 11:41:44.212 Listing directory "/home/machinekit".
> 2018-07-26 11:41:44.212 Type: SSH_FXP_OPENDIR, Size: 25, Number: 267
< 2018-07-26 11:41:44.212 Type: SSH_FXP_HANDLE, Size: 13, Number: 267
> 2018-07-26 11:41:44.212 Type: SSH_FXP_READDIR, Size: 13, Number: 524
< 2018-07-26 11:41:44.212 Type: SSH_FXP_NAME, Size: 2503, Number: 524
> 2018-07-26 11:41:44.212 Type: SSH_FXP_READDIR, Size: 13, Number: 780
< 2018-07-26 11:41:44.243 Type: SSH_FXP_STATUS, Size: 28, Number: 780
< 2018-07-26 11:41:44.243 Status code: 1
> 2018-07-26 11:41:44.243 Type: SSH_FXP_CLOSE, Size: 13, Number: 1028
. 2018-07-26 11:41:44.243 linuxcnc_debug.txt;-;4810;2018-07-03T09:48:14.000Z;3;"machinekit" [1001];"machinekit" [1001];rw-------;0
. 2018-07-26 11:41:44.243 .nano;d;0;2017-11-18T14:56:50.000Z;3;"machinekit" [1001];"machinekit" [1001];rwxr-xr-x;2
. 2018-07-26 11:41:44.243 .cache;d;0;2018-07-03T09:43:03.000Z;3;"machinekit" [1001];"machinekit" [1001];rwx------;2
. 2018-07-26 11:41:44.243 .config;d;0;2017-11-21T11:52:24.000Z;3;"machinekit" [1001];"machinekit" [1001];rwxr-xr-x;2
. 2018-07-26 11:41:44.243 .bashrc;-;3526;2017-11-08T09:45:42.000Z;3;"machinekit" [1001];"machinekit" [1001];rw-r--r--;2
. 2018-07-26 11:41:44.243 .ssh;d;0;2017-11-08T10:46:04.000Z;3;"machinekit" [1001];"machinekit" [1001];rwxr-xr-x;2
. 2018-07-26 11:41:44.243 Cetus;d;0;2018-07-25T11:40:41.000Z;3;"machinekit" [1001];"machinekit" [1001];rwxr-xr-x;0
. 2018-07-26 11:41:44.243 .Xauthority;-;150;2018-07-03T09:43:02.000Z;3;"machinekit" [1001];"machinekit" [1001];rw-------;2
. 2018-07-26 11:41:44.243 ..;d;0;2017-11-08T09:45:42.000Z;3;"root" [0];"root" [0];rwxr-xr-x;0
. 2018-07-26 11:41:44.243 .axis_mdi_history;-;11;2018-07-03T09:46:44.000Z;3;"machinekit" [1001];"machinekit" [1001];rw-r--r--;2
. 2018-07-26 11:41:44.243 bin;d;0;2017-11-08T11:56:11.000Z;3;"machinekit" [1001];"machinekit" [1001];rwxr-xr-x;0
. 2018-07-26 11:41:44.243 machinekit;d;0;2017-11-08T11:13:26.000Z;3;"machinekit" [1001];"machinekit" [1001];rwxr-xr-x;0
. 2018-07-26 11:41:44.243 machinekit-configs;d;0;2018-07-04T04:52:27.000Z;3;"machinekit" [1001];"machinekit" [1001];rwxr-xr-x;0
. 2018-07-26 11:41:44.243 nc_files;d;0;2018-07-03T13:21:32.000Z;3;"machinekit" [1001];"machinekit" [1001];rwxr-xr-x;0
. 2018-07-26 11:41:44.243 .bash_logout;-;220;2017-11-08T09:45:42.000Z;3;"machinekit" [1001];"machinekit" [1001];rw-r--r--;2
. 2018-07-26 11:41:44.243 linuxcnc_print.txt;-;1381;2018-07-03T09:48:14.000Z;3;"machinekit" [1001];"machinekit" [1001];rw-------;0
. 2018-07-26 11:41:44.243 .axis_preferences;-;578;2018-07-03T09:44:33.000Z;3;"machinekit" [1001];"machinekit" [1001];rw-r--r--;2
. 2018-07-26 11:41:44.243 Machineface;d;0;2018-07-25T11:40:52.000Z;3;"machinekit" [1001];"machinekit" [1001];rwxr-xr-x;0
. 2018-07-26 11:41:44.243 .tooleditrc;-;130;2017-11-15T14:05:24.000Z;3;"machinekit" [1001];"machinekit" [1001];rw-r--r--;2
. 2018-07-26 11:41:44.243 .profile;-;675;2017-11-08T09:45:42.000Z;3;"machinekit" [1001];"machinekit" [1001];rw-r--r--;2
. 2018-07-26 11:41:44.274 Startup conversation with host finished.
. 2018-07-26 11:41:57.674 Closing connection.
. 2018-07-26 11:41:57.674 Sending special code: 12
. 2018-07-26 11:41:57.674 Sent EOF message
. 2018-07-26 11:42:11.862 --------------------------------------------------------------------------
. 2018-07-26 11:42:11.862 WinSCP Version 5.13.3 (Build 8565) (OS 6.1.7601 Service Pack 1 - Windows 7 Professional)
. 2018-07-26 11:42:11.862 Configuration: E:\Windows\Utils\WinSCPPortable\Data\settings\winscp.ini
. 2018-07-26 11:42:11.862 Log level: Normal
. 2018-07-26 11:42:11.862 Local account: THECOOLTOOL\Sascha
. 2018-07-26 11:42:11.862 Working directory: E:\Windows\Utils\WinSCPPortable\App\WinSCP
. 2018-07-26 11:42:11.862 Process ID: 4340
. 2018-07-26 11:42:11.862 Command-line: "E:\Windows\Utils\WinSCPPortable\App\WinSCP\WinSCP.exe" /ini="E:\Windows\Utils\WinSCPPortable\Data\settings\winscp.ini" /log="E:\Windows\Utils\WinSCPPortable\Data\settings\winscp.log" "machinekit@192.168.7.2"
. 2018-07-26 11:42:11.862 Time zone: Current: GMT+2, Standard: GMT+1 (Mitteleuropäische Zeit), DST: GMT+2 (Mitteleuropäische Sommerzeit), DST Start: 25.03.2018, DST End: 28.10.2018
. 2018-07-26 11:42:11.862 Login time: Donnerstag, 26. Juli 2018 11:42:11
. 2018-07-26 11:42:11.862 --------------------------------------------------------------------------
. 2018-07-26 11:42:11.862 Session name: machinekit@192.168.7.2 (Site)
. 2018-07-26 11:42:11.862 Host name: 192.168.7.2 (Port: 22)
. 2018-07-26 11:42:11.862 User name: machinekit (Password: No, Key file: No, Passphrase: No)
. 2018-07-26 11:42:11.862 Tunnel: No
. 2018-07-26 11:42:11.862 Transfer Protocol: SFTP (SCP)
. 2018-07-26 11:42:11.862 Ping type: Off, Ping interval: 30 sec; Timeout: 15 sec
. 2018-07-26 11:42:11.862 Disable Nagle: No
. 2018-07-26 11:42:11.862 Proxy: None
. 2018-07-26 11:42:11.862 Send buffer: 262144
. 2018-07-26 11:42:11.862 SSH protocol version: 2; Compression: No
. 2018-07-26 11:42:11.862 Bypass authentication: No
. 2018-07-26 11:42:11.862 Try agent: Yes; Agent forwarding: No; TIS/CryptoCard: No; KI: Yes; GSSAPI: Yes
. 2018-07-26 11:42:11.862 GSSAPI: Forwarding: No; Libs: gssapi32,sspi,custom; Custom: 
. 2018-07-26 11:42:11.862 Ciphers: aes,chacha20,blowfish,3des,WARN,arcfour,des; Ssh2DES: No
. 2018-07-26 11:42:11.862 KEX: ecdh,dh-gex-sha1,dh-group14-sha1,rsa,WARN,dh-group1-sha1
. 2018-07-26 11:42:11.862 SSH Bugs: Auto,Auto,Auto,Auto,Auto,Auto,Auto,Auto,Auto,Auto,Auto,Auto,Auto
. 2018-07-26 11:42:11.862 Simple channel: Yes
. 2018-07-26 11:42:11.862 Return code variable: Autodetect; Lookup user groups: Auto
. 2018-07-26 11:42:11.862 Shell: default
. 2018-07-26 11:42:11.862 EOL: LF, UTF: Auto
. 2018-07-26 11:42:11.862 Clear aliases: Yes, Unset nat.vars: Yes, Resolve symlinks: Yes; Follow directory symlinks: No
. 2018-07-26 11:42:11.862 LS: ls -la, Ign LS warn: Yes, Scp1 Comp: No
. 2018-07-26 11:42:11.862 SFTP Bugs: Auto,Auto
. 2018-07-26 11:42:11.862 SFTP Server: default
. 2018-07-26 11:42:11.862 Local directory: C:\Users\Sascha.THECOOLTOOL\Documents, Remote directory: /home/machinekit, Update: Yes, Cache: Yes
. 2018-07-26 11:42:11.862 Cache directory changes: Yes, Permanent: Yes
. 2018-07-26 11:42:11.862 Recycle bin: Delete to: No, Overwritten to: No, Bin path: 
. 2018-07-26 11:42:11.862 DST mode: Unix
. 2018-07-26 11:42:11.862 --------------------------------------------------------------------------
. 2018-07-26 11:42:12.798 Looking up host "192.168.7.2" for SSH connection
. 2018-07-26 11:42:12.798 Connecting to 192.168.7.2 port 22
. 2018-07-26 11:42:12.798 We claim version: SSH-2.0-WinSCP_release_5.13.3
. 2018-07-26 11:42:12.845 Server version: SSH-2.0-OpenSSH_7.4p1 Debian-10+deb9u3
. 2018-07-26 11:42:12.845 Using SSH protocol version 2
. 2018-07-26 11:42:12.845 Have a known host key of type ssh-ed25519
. 2018-07-26 11:42:12.861 Doing ECDH key exchange with curve Curve25519 and hash SHA-256
. 2018-07-26 11:42:13.329 Host key fingerprint is:
. 2018-07-26 11:42:13.329 ssh-ed25519 256 ac:3e:75:23:b4:b7:d1:e8:f7:05:fc:77:e3:5d:df:ee zbyHLuArdyFuLfsAlJP7o30slXKCeYBapuWBgwlKx1U=
. 2018-07-26 11:42:13.376 Host key matches cached key
. 2018-07-26 11:42:13.391 Initialised AES-256 SDCTR client->server encryption
. 2018-07-26 11:42:13.391 Initialised HMAC-SHA-256 client->server MAC algorithm
. 2018-07-26 11:42:13.391 Initialised AES-256 SDCTR server->client encryption
. 2018-07-26 11:42:13.391 Initialised HMAC-SHA-256 server->client MAC algorithm
! 2018-07-26 11:42:13.391 Using username "machinekit".
. 2018-07-26 11:42:15.169 Server offered these authentication methods: publickey,password
. 2018-07-26 11:42:15.169 Prompt (password, "SSH password", <no instructions>, "&Passwort:")
. 2018-07-26 11:42:19.054 Sent password
. 2018-07-26 11:42:19.116 Access granted
. 2018-07-26 11:42:19.116 Opening session as main channel
. 2018-07-26 11:42:19.350 Opened main channel
. 2018-07-26 11:42:19.397 Started a shell/command
. 2018-07-26 11:42:19.428 --------------------------------------------------------------------------
. 2018-07-26 11:42:19.428 Using SFTP protocol.
. 2018-07-26 11:42:19.428 Doing startup conversation with host.
> 2018-07-26 11:42:19.444 Type: SSH_FXP_INIT, Size: 5, Number: -1
< 2018-07-26 11:42:19.444 Type: SSH_FXP_VERSION, Size: 150, Number: -1
. 2018-07-26 11:42:19.444 SFTP version 3 negotiated.
. 2018-07-26 11:42:19.444 Unknown server extension posix-rename@openssh.com="1"
. 2018-07-26 11:42:19.444 Supports statvfs@openssh.com extension version "2"
. 2018-07-26 11:42:19.444 Unknown server extension fstatvfs@openssh.com="2"
. 2018-07-26 11:42:19.444 Supports hardlink@openssh.com extension version "1"
. 2018-07-26 11:42:19.444 Unknown server extension fsync@openssh.com="1"
. 2018-07-26 11:42:19.444 We believe the server has signed timestamps bug
. 2018-07-26 11:42:19.444 We will use UTF-8 strings until server sends an invalid UTF-8 string as with SFTP version 3 and older UTF-8 strings are not mandatory
. 2018-07-26 11:42:19.444 Limiting packet size to OpenSSH sftp-server limit of 262148 bytes
. 2018-07-26 11:42:19.444 Changing directory to "/home/machinekit".
. 2018-07-26 11:42:19.444 Getting real path for '/home/machinekit'
> 2018-07-26 11:42:19.444 Type: SSH_FXP_REALPATH, Size: 25, Number: 16
< 2018-07-26 11:42:19.444 Type: SSH_FXP_NAME, Size: 53, Number: 16
. 2018-07-26 11:42:19.444 Real path is '/home/machinekit'
. 2018-07-26 11:42:19.444 Trying to open directory "/home/machinekit".
> 2018-07-26 11:42:19.444 Type: SSH_FXP_LSTAT, Size: 25, Number: 263
< 2018-07-26 11:42:19.444 Type: SSH_FXP_ATTRS, Size: 37, Number: 263
. 2018-07-26 11:42:19.459 Getting current directory name.
. 2018-07-26 11:42:19.522 Listing directory "/home/machinekit".
> 2018-07-26 11:42:19.522 Type: SSH_FXP_OPENDIR, Size: 25, Number: 523
< 2018-07-26 11:42:19.522 Type: SSH_FXP_HANDLE, Size: 13, Number: 523
> 2018-07-26 11:42:19.522 Type: SSH_FXP_READDIR, Size: 13, Number: 780
< 2018-07-26 11:42:19.522 Type: SSH_FXP_NAME, Size: 2503, Number: 780
> 2018-07-26 11:42:19.522 Type: SSH_FXP_READDIR, Size: 13, Number: 1036
< 2018-07-26 11:42:19.553 Type: SSH_FXP_STATUS, Size: 28, Number: 1036
< 2018-07-26 11:42:19.553 Status code: 1
> 2018-07-26 11:42:19.553 Type: SSH_FXP_CLOSE, Size: 13, Number: 1284
. 2018-07-26 11:42:19.553 linuxcnc_debug.txt;-;4810;2018-07-03T09:48:14.000Z;3;"machinekit" [1001];"machinekit" [1001];rw-------;0
. 2018-07-26 11:42:19.553 .nano;d;0;2017-11-18T14:56:50.000Z;3;"machinekit" [1001];"machinekit" [1001];rwxr-xr-x;2
. 2018-07-26 11:42:19.553 .cache;d;0;2018-07-03T09:43:03.000Z;3;"machinekit" [1001];"machinekit" [1001];rwx------;2
. 2018-07-26 11:42:19.553 .config;d;0;2017-11-21T11:52:24.000Z;3;"machinekit" [1001];"machinekit" [1001];rwxr-xr-x;2
. 2018-07-26 11:42:19.553 .bashrc;-;3526;2017-11-08T09:45:42.000Z;3;"machinekit" [1001];"machinekit" [1001];rw-r--r--;2
. 2018-07-26 11:42:19.553 .ssh;d;0;2017-11-08T10:46:04.000Z;3;"machinekit" [1001];"machinekit" [1001];rwxr-xr-x;2
. 2018-07-26 11:42:19.553 Cetus;d;0;2018-07-25T11:40:41.000Z;3;"machinekit" [1001];"machinekit" [1001];rwxr-xr-x;0
. 2018-07-26 11:42:19.553 .Xauthority;-;150;2018-07-03T09:43:02.000Z;3;"machinekit" [1001];"machinekit" [1001];rw-------;2
. 2018-07-26 11:42:19.553 ..;d;0;2017-11-08T09:45:42.000Z;3;"root" [0];"root" [0];rwxr-xr-x;0
. 2018-07-26 11:42:19.553 .axis_mdi_history;-;11;2018-07-03T09:46:44.000Z;3;"machinekit" [1001];"machinekit" [1001];rw-r--r--;2
. 2018-07-26 11:42:19.553 bin;d;0;2017-11-08T11:56:11.000Z;3;"machinekit" [1001];"machinekit" [1001];rwxr-xr-x;0
. 2018-07-26 11:42:19.553 machinekit;d;0;2017-11-08T11:13:26.000Z;3;"machinekit" [1001];"machinekit" [1001];rwxr-xr-x;0
. 2018-07-26 11:42:19.553 machinekit-configs;d;0;2018-07-04T04:52:27.000Z;3;"machinekit" [1001];"machinekit" [1001];rwxr-xr-x;0
. 2018-07-26 11:42:19.553 nc_files;d;0;2018-07-03T13:21:32.000Z;3;"machinekit" [1001];"machinekit" [1001];rwxr-xr-x;0
. 2018-07-26 11:42:19.553 .bash_logout;-;220;2017-11-08T09:45:42.000Z;3;"machinekit" [1001];"machinekit" [1001];rw-r--r--;2
. 2018-07-26 11:42:19.553 linuxcnc_print.txt;-;1381;2018-07-03T09:48:14.000Z;3;"machinekit" [1001];"machinekit" [1001];rw-------;0
. 2018-07-26 11:42:19.553 .axis_preferences;-;578;2018-07-03T09:44:33.000Z;3;"machinekit" [1001];"machinekit" [1001];rw-r--r--;2
. 2018-07-26 11:42:19.553 Machineface;d;0;2018-07-25T11:40:52.000Z;3;"machinekit" [1001];"machinekit" [1001];rwxr-xr-x;0
. 2018-07-26 11:42:19.553 .tooleditrc;-;130;2017-11-15T14:05:24.000Z;3;"machinekit" [1001];"machinekit" [1001];rw-r--r--;2
. 2018-07-26 11:42:19.553 .profile;-;675;2017-11-08T09:45:42.000Z;3;"machinekit" [1001];"machinekit" [1001];rw-r--r--;2
. 2018-07-26 11:42:19.584 Startup conversation with host finished.
. 2018-07-26 11:42:30.831 Closing connection.
. 2018-07-26 11:42:30.831 Sending special code: 12
. 2018-07-26 11:42:30.831 Sent EOF message
